2025-08-19 16:25:17,258 | INFO | cloud_migration | Uploaded parquet_data\logs_20250819_202512.parquet to S3 at archived_data/logs_20250819_202512.parquet
2025-08-19 16:25:17,266 | INFO | cloud_migration | Uploaded parquet_data\monitoring_20250819_202512.parquet to S3 at archived_data/monitoring_20250819_202512.parquet
2025-08-19 16:25:17,267 | INFO | cloud_migration | Uploaded parquet_data\proc_diagnostics_20250819_202512.parquet to S3 at archived_data/proc_diagnostics_20250819_202512.parquet
2025-08-19 16:25:17,280 | INFO | cloud_migration | Uploaded parquet_data\ticks_20250819_202512.parquet to S3 at archived_data/ticks_20250819_202512.parquet
2025-08-19 16:25:17,287 | INFO | cloud_migration | Uploaded parquet_data\ws_diagnostics_20250819_202512.parquet to S3 at archived_data/ws_diagnostics_20250819_202512.parquet
2025-08-19 16:25:18,134 | INFO | kafka_consumer | Inserted 2 rows.
2025-08-19 16:25:18,941 | INFO | monitoring | Completed a monitoring cycle.
2025-08-19 16:25:19,134 | INFO | kafka_consumer | Inserted 5 rows.
2025-08-19 16:25:20,112 | INFO | kafka_consumer | Inserted 184 rows.
2025-08-19 16:25:20,995 | INFO | monitoring | Inserted ticks monitoring data for 235 messages.
2025-08-19 16:25:21,119 | INFO | kafka_consumer | Inserted 2 rows.
2025-08-19 16:25:22,125 | INFO | kafka_consumer | Inserted 114 rows.
2025-08-19 16:25:23,145 | INFO | kafka_consumer | Inserted 8 rows.
2025-08-19 16:25:24,162 | INFO | kafka_consumer | Inserted 69 rows.
2025-08-19 16:25:24,199 | INFO | monitoring | Completed a monitoring cycle.
2025-08-19 16:25:25,114 | INFO | kafka_consumer | Inserted 38 rows.
2025-08-19 16:25:26,100 | INFO | kafka_consumer | Inserted 79 rows.
2025-08-19 16:25:26,281 | INFO | monitoring | Inserted ticks monitoring data for 231 messages.
2025-08-19 16:25:27,122 | INFO | kafka_consumer | Inserted 10 rows.
2025-08-19 16:25:28,152 | INFO | kafka_consumer | Inserted 60 rows.
2025-08-19 16:25:29,127 | INFO | kafka_consumer | Inserted 59 rows.
2025-08-19 16:25:29,432 | INFO | monitoring | Completed a monitoring cycle.
2025-08-19 16:25:30,130 | INFO | kafka_consumer | Inserted 15 rows.
2025-08-19 16:25:31,148 | INFO | kafka_consumer | Inserted 25 rows.
2025-08-19 16:25:31,601 | INFO | monitoring | Inserted ticks monitoring data for 169 messages.
2025-08-19 16:25:32,134 | INFO | kafka_consumer | Inserted 23 rows.
2025-08-19 16:25:33,177 | INFO | kafka_consumer | Inserted 24 rows.
2025-08-19 16:25:34,150 | INFO | kafka_consumer | Inserted 65 rows.
2025-08-19 16:25:34,713 | INFO | monitoring | Completed a monitoring cycle.
2025-08-19 16:25:35,124 | INFO | kafka_consumer | Inserted 93 rows.
2025-08-19 16:25:36,156 | INFO | kafka_consumer | Inserted 10 rows.
2025-08-19 16:25:36,925 | INFO | monitoring | Inserted ticks monitoring data for 215 messages.
2025-08-19 16:25:37,140 | INFO | kafka_consumer | Inserted 124 rows.
2025-08-19 16:25:38,136 | INFO | kafka_consumer | Inserted 128 rows.
2025-08-19 16:25:39,146 | INFO | kafka_consumer | Inserted 4 rows.
2025-08-19 16:25:39,966 | INFO | monitoring | Completed a monitoring cycle.
2025-08-19 16:25:40,172 | INFO | kafka_consumer | Inserted 80 rows.
2025-08-19 16:25:42,133 | INFO | kafka_consumer | Inserted 15 rows.
2025-08-19 16:25:42,303 | INFO | monitoring | Inserted ticks monitoring data for 336 messages.
2025-08-19 16:25:42,762 | INFO | kafka_consumer | Inserted 1 rows.
2025-08-19 16:25:44,139 | INFO | kafka_consumer | Inserted 11 rows.
2025-08-19 16:25:45,167 | INFO | kafka_consumer | Inserted 3 rows.
2025-08-19 16:25:45,241 | INFO | monitoring | Completed a monitoring cycle.
2025-08-19 16:25:46,173 | INFO | kafka_consumer | Inserted 59 rows.
2025-08-19 16:25:47,173 | INFO | kafka_consumer | Inserted 79 rows.
2025-08-19 16:25:47,590 | INFO | monitoring | Inserted ticks monitoring data for 153 messages.
2025-08-19 16:25:48,186 | INFO | kafka_consumer | Inserted 8 rows.
2025-08-19 16:25:49,134 | INFO | kafka_consumer | Inserted 124 rows.
2025-08-19 16:25:50,174 | INFO | kafka_consumer | Inserted 10 rows.
2025-08-19 16:25:50,472 | INFO | monitoring | Completed a monitoring cycle.
2025-08-19 16:25:50,806 | INFO | kafka_consumer | Inserted 79 rows.
2025-08-19 16:25:52,141 | INFO | kafka_consumer | Inserted 150 rows.
2025-08-19 16:25:52,931 | INFO | monitoring | Inserted ticks monitoring data for 371 messages.
2025-08-19 16:25:53,177 | INFO | kafka_consumer | Inserted 9 rows.
2025-08-19 16:25:54,138 | INFO | kafka_consumer | Inserted 23 rows.
2025-08-19 16:25:55,733 | INFO | monitoring | Completed a monitoring cycle.
2025-08-19 16:25:57,192 | INFO | kafka_consumer | Inserted 5 rows.
2025-08-19 16:25:58,155 | INFO | kafka_consumer | Inserted 2 rows.
2025-08-19 16:25:58,295 | INFO | monitoring | Inserted ticks monitoring data for 37 messages.
2025-08-19 16:25:59,152 | INFO | kafka_consumer | Inserted 1 rows.
2025-08-19 16:26:00,164 | INFO | kafka_consumer | Inserted 2 rows.
2025-08-19 16:26:01,009 | INFO | monitoring | Completed a monitoring cycle.
2025-08-19 16:26:01,138 | INFO | kafka_consumer | Inserted 2 rows.
2025-08-19 16:26:02,162 | INFO | kafka_consumer | Inserted 2 rows.
2025-08-19 16:26:03,139 | INFO | kafka_consumer | Inserted 42 rows.
2025-08-19 16:26:03,625 | INFO | monitoring | Inserted ticks monitoring data for 49 messages.
2025-08-19 16:26:04,173 | INFO | kafka_consumer | Inserted 1 rows.
2025-08-19 16:26:05,208 | INFO | kafka_consumer | Inserted 12 rows.
2025-08-19 16:26:06,181 | INFO | kafka_consumer | Inserted 149 rows.
2025-08-19 16:26:06,263 | INFO | monitoring | Completed a monitoring cycle.
2025-08-19 16:26:07,179 | INFO | kafka_consumer | Inserted 56 rows.
2025-08-19 16:26:08,225 | INFO | kafka_consumer | Inserted 105 rows.
2025-08-19 16:26:08,922 | INFO | monitoring | Inserted ticks monitoring data for 323 messages.
2025-08-19 16:26:09,180 | INFO | kafka_consumer | Inserted 147 rows.
2025-08-19 16:26:10,178 | INFO | kafka_consumer | Inserted 18 rows.
2025-08-19 16:26:11,159 | INFO | kafka_consumer | Inserted 92 rows.
2025-08-19 16:26:11,514 | INFO | monitoring | Completed a monitoring cycle.
2025-08-19 16:26:12,164 | INFO | kafka_consumer | Inserted 62 rows.
2025-08-19 16:26:13,187 | INFO | kafka_consumer | Inserted 12 rows.
2025-08-19 16:26:14,148 | INFO | kafka_consumer | Inserted 1 rows.
2025-08-19 16:26:14,233 | INFO | monitoring | Inserted ticks monitoring data for 331 messages.
2025-08-19 16:26:15,171 | INFO | kafka_consumer | Inserted 49 rows.
2025-08-19 16:26:16,180 | INFO | kafka_consumer | Inserted 17 rows.
2025-08-19 16:26:16,796 | INFO | monitoring | Completed a monitoring cycle.
2025-08-19 16:26:17,180 | INFO | kafka_consumer | Inserted 61 rows.
2025-08-19 16:26:18,204 | INFO | kafka_consumer | Inserted 169 rows.
2025-08-19 16:26:19,181 | INFO | kafka_consumer | Inserted 165 rows.
2025-08-19 16:26:19,579 | INFO | monitoring | Inserted ticks monitoring data for 461 messages.
2025-08-19 16:26:20,191 | INFO | kafka_consumer | Inserted 6 rows.
2025-08-19 16:26:21,214 | INFO | kafka_consumer | Inserted 1 rows.
2025-08-19 16:26:22,051 | INFO | monitoring | Completed a monitoring cycle.
2025-08-19 16:26:22,178 | INFO | kafka_consumer | Inserted 78 rows.
2025-08-19 16:26:23,168 | INFO | kafka_consumer | Inserted 3 rows.
2025-08-19 16:26:24,216 | INFO | kafka_consumer | Inserted 1 rows.
2025-08-19 16:26:24,900 | INFO | monitoring | Inserted ticks monitoring data for 89 messages.
2025-08-19 16:26:25,212 | INFO | kafka_consumer | Inserted 2 rows.
2025-08-19 16:26:27,182 | INFO | kafka_consumer | Inserted 28 rows.
2025-08-19 16:26:27,323 | INFO | monitoring | Completed a monitoring cycle.
2025-08-19 16:26:28,204 | INFO | kafka_consumer | Inserted 1 rows.
2025-08-19 16:26:29,198 | INFO | kafka_consumer | Inserted 83 rows.
2025-08-19 16:26:30,191 | INFO | monitoring | Inserted ticks monitoring data for 114 messages.
2025-08-19 16:26:30,215 | INFO | kafka_consumer | Inserted 86 rows.
2025-08-19 16:26:31,212 | INFO | kafka_consumer | Inserted 59 rows.
2025-08-19 16:26:32,178 | INFO | kafka_consumer | Inserted 10 rows.
2025-08-19 16:26:32,603 | INFO | monitoring | Completed a monitoring cycle.
2025-08-19 16:26:33,208 | INFO | kafka_consumer | Inserted 2 rows.
2025-08-19 16:26:34,249 | INFO | kafka_consumer | Inserted 88 rows.
2025-08-19 16:26:35,195 | INFO | kafka_consumer | Inserted 102 rows.
2025-08-19 16:26:35,528 | INFO | monitoring | Inserted ticks monitoring data for 347 messages.
2025-08-19 16:26:36,231 | INFO | kafka_consumer | Inserted 79 rows.
2025-08-19 16:26:37,204 | INFO | kafka_consumer | Inserted 92 rows.
2025-08-19 16:26:37,856 | INFO | monitoring | Completed a monitoring cycle.
2025-08-19 16:26:38,226 | INFO | kafka_consumer | Inserted 136 rows.
2025-08-19 16:26:39,238 | INFO | kafka_consumer | Inserted 14 rows.
2025-08-19 16:26:40,861 | INFO | monitoring | Inserted ticks monitoring data for 321 messages.
2025-08-19 16:26:41,219 | INFO | kafka_consumer | Inserted 79 rows.
2025-08-19 16:26:43,087 | INFO | monitoring | Completed a monitoring cycle.
2025-08-19 16:26:43,292 | INFO | kafka_consumer | Inserted 4 rows.
2025-08-19 16:26:44,215 | INFO | kafka_consumer | Inserted 142 rows.
2025-08-19 16:26:45,230 | INFO | kafka_consumer | Inserted 221 rows.
2025-08-19 16:26:46,183 | INFO | monitoring | Inserted ticks monitoring data for 446 messages.
2025-08-19 16:26:46,220 | INFO | kafka_consumer | Inserted 82 rows.
2025-08-19 16:26:47,222 | INFO | kafka_consumer | Inserted 153 rows.
2025-08-19 16:26:48,258 | INFO | kafka_consumer | Inserted 262 rows.
2025-08-19 16:26:48,351 | INFO | monitoring | Completed a monitoring cycle.
2025-08-19 16:26:49,240 | INFO | kafka_consumer | Inserted 86 rows.
2025-08-19 16:26:50,244 | INFO | kafka_consumer | Inserted 153 rows.
2025-08-19 16:26:51,224 | INFO | kafka_consumer | Inserted 80 rows.
2025-08-19 16:26:51,463 | INFO | monitoring | Inserted ticks monitoring data for 736 messages.
2025-08-19 16:26:52,215 | INFO | kafka_consumer | Inserted 120 rows.
2025-08-19 16:26:53,235 | INFO | kafka_consumer | Inserted 10 rows.
2025-08-19 16:26:53,580 | INFO | monitoring | Completed a monitoring cycle.
2025-08-19 16:26:54,244 | INFO | kafka_consumer | Inserted 53 rows.
2025-08-19 16:26:55,240 | INFO | kafka_consumer | Inserted 54 rows.
2025-08-19 16:26:56,246 | INFO | kafka_consumer | Inserted 8 rows.
2025-08-19 16:26:56,775 | INFO | monitoring | Inserted ticks monitoring data for 245 messages.
2025-08-19 16:26:57,203 | INFO | kafka_consumer | Inserted 86 rows.
2025-08-19 16:26:58,116 | ERROR | kafka.producer.sender | <Sender client_id=kafka-python-producer-1 transactional_id=None>: Uncaught error in kafka producer I/O thread
Traceback (most recent call last):
  File "C:\Users\erict\anaconda3\Lib\site-packages\kafka\producer\sender.py", line 110, in run
    self.run_once()
  File "C:\Users\erict\anaconda3\Lib\site-packages\kafka\producer\sender.py", line 171, in run_once
    poll_timeout_ms = self._send_producer_data()
                      ^^^^^^^^^^^^^^^^^^^^^^^^^^
  File "C:\Users\erict\anaconda3\Lib\site-packages\kafka\producer\sender.py", line 204, in _send_producer_data
    heapq.heappush(queue, item)
TypeError: '<' not supported between instances of 'ProducerBatch' and 'ProducerBatch'
2025-08-19 16:26:58,234 | INFO | kafka_consumer | Inserted 11 rows.
2025-08-19 16:26:58,814 | INFO | monitoring | Completed a monitoring cycle.
2025-08-19 16:26:59,222 | INFO | kafka_consumer | Inserted 79 rows.
2025-08-19 16:27:00,235 | INFO | kafka_consumer | Inserted 4 rows.
2025-08-19 16:27:01,243 | INFO | kafka_consumer | Inserted 44 rows.
2025-08-19 16:27:02,094 | INFO | monitoring | Inserted ticks monitoring data for 224 messages.
2025-08-19 16:27:02,226 | INFO | kafka_consumer | Inserted 135 rows.
2025-08-19 16:27:03,255 | INFO | kafka_consumer | Inserted 9 rows.
2025-08-19 16:27:04,044 | INFO | monitoring | Completed a monitoring cycle.
2025-08-19 16:27:04,242 | INFO | kafka_consumer | Inserted 1 rows.
2025-08-19 16:27:05,229 | INFO | kafka_consumer | Inserted 66 rows.
2025-08-19 16:27:06,283 | INFO | kafka_consumer | Inserted 183 rows.
2025-08-19 16:27:07,203 | INFO | kafka_consumer | Inserted 156 rows.
2025-08-19 16:27:07,392 | INFO | monitoring | Inserted ticks monitoring data for 394 messages.
2025-08-19 16:27:08,232 | INFO | kafka_consumer | Inserted 49 rows.
2025-08-19 16:27:09,232 | INFO | kafka_consumer | Inserted 70 rows.
2025-08-19 16:27:09,292 | INFO | monitoring | Completed a monitoring cycle.
2025-08-19 16:27:10,225 | INFO | kafka_consumer | Inserted 11 rows.
2025-08-19 16:27:12,232 | INFO | kafka_consumer | Inserted 8 rows.
2025-08-19 16:27:12,680 | INFO | monitoring | Inserted ticks monitoring data for 138 messages.
2025-08-19 16:27:13,251 | INFO | kafka_consumer | Inserted 66 rows.
2025-08-19 16:27:14,220 | INFO | kafka_consumer | Inserted 78 rows.
2025-08-19 16:27:14,496 | INFO | monitoring | Completed a monitoring cycle.
2025-08-19 16:27:15,340 | INFO | kafka_consumer | Inserted 1 rows.
2025-08-19 16:27:17,225 | INFO | kafka_consumer | Inserted 3 rows.
2025-08-19 16:27:17,962 | INFO | monitoring | Inserted ticks monitoring data for 148 messages.
2025-08-19 16:27:18,248 | INFO | kafka_consumer | Inserted 1 rows.
2025-08-19 16:27:19,261 | INFO | kafka_consumer | Inserted 6 rows.
2025-08-19 16:27:19,733 | INFO | monitoring | Completed a monitoring cycle.
2025-08-19 16:27:21,265 | INFO | kafka_consumer | Inserted 94 rows.
2025-08-19 16:27:22,242 | INFO | kafka_consumer | Inserted 49 rows.
2025-08-19 16:27:23,242 | INFO | kafka_consumer | Inserted 41 rows.
2025-08-19 16:27:23,246 | INFO | monitoring | Inserted ticks monitoring data for 150 messages.
2025-08-19 16:27:24,255 | INFO | kafka_consumer | Inserted 4 rows.
2025-08-19 16:27:25,060 | INFO | monitoring | Completed a monitoring cycle.
2025-08-19 16:27:25,307 | INFO | kafka_consumer | Inserted 34 rows.
2025-08-19 16:27:26,275 | INFO | kafka_consumer | Inserted 168 rows.
2025-08-19 16:27:27,272 | INFO | kafka_consumer | Inserted 14 rows.
2025-08-19 16:27:28,525 | INFO | monitoring | Inserted ticks monitoring data for 220 messages.
2025-08-19 16:27:29,261 | INFO | kafka_consumer | Inserted 1 rows.
2025-08-19 16:27:30,269 | INFO | kafka_consumer | Inserted 13 rows.
2025-08-19 16:27:30,291 | INFO | monitoring | Completed a monitoring cycle.
2025-08-19 16:27:31,291 | INFO | kafka_consumer | Inserted 60 rows.
2025-08-19 16:27:32,310 | INFO | kafka_consumer | Inserted 88 rows.
2025-08-19 16:27:33,321 | INFO | kafka_consumer | Inserted 126 rows.
2025-08-19 16:27:33,810 | INFO | monitoring | Inserted ticks monitoring data for 288 messages.
2025-08-19 16:27:34,278 | INFO | kafka_consumer | Inserted 97 rows.
2025-08-19 16:27:35,261 | INFO | kafka_consumer | Inserted 69 rows.
2025-08-19 16:27:35,520 | INFO | monitoring | Completed a monitoring cycle.
2025-08-19 16:27:36,266 | INFO | kafka_consumer | Inserted 13 rows.
2025-08-19 16:27:37,292 | INFO | kafka_consumer | Inserted 58 rows.
2025-08-19 16:27:38,270 | INFO | kafka_consumer | Inserted 38 rows.
2025-08-19 16:27:39,068 | INFO | monitoring | Inserted ticks monitoring data for 275 messages.
2025-08-19 16:27:40,268 | INFO | kafka_consumer | Inserted 5 rows.
2025-08-19 16:27:40,766 | INFO | monitoring | Completed a monitoring cycle.
2025-08-19 16:27:42,339 | INFO | kafka_consumer | Inserted 2 rows.
2025-08-19 16:27:43,295 | INFO | kafka_consumer | Inserted 6 rows.
2025-08-19 16:27:44,220 | INFO | kafka_consumer | Inserted 3 rows.
2025-08-19 16:27:44,361 | INFO | monitoring | Inserted ticks monitoring data for 13 messages.
2025-08-19 16:27:45,299 | INFO | kafka_consumer | Inserted 6 rows.
2025-08-19 16:27:45,979 | INFO | monitoring | Completed a monitoring cycle.
2025-08-19 16:27:46,329 | INFO | kafka_consumer | Inserted 84 rows.
2025-08-19 16:27:47,305 | INFO | kafka_consumer | Inserted 150 rows.
2025-08-19 16:27:48,299 | INFO | kafka_consumer | Inserted 62 rows.
2025-08-19 16:27:49,321 | INFO | kafka_consumer | Inserted 110 rows.
2025-08-19 16:27:49,658 | INFO | monitoring | Inserted ticks monitoring data for 412 messages.
2025-08-19 16:27:51,209 | INFO | monitoring | Completed a monitoring cycle.
2025-08-19 16:27:51,288 | INFO | kafka_consumer | Inserted 56 rows.
2025-08-19 16:27:52,300 | INFO | kafka_consumer | Inserted 2 rows.
2025-08-19 16:27:53,288 | INFO | kafka_consumer | Inserted 8 rows.
2025-08-19 16:27:54,288 | INFO | kafka_consumer | Inserted 145 rows.
2025-08-19 16:27:54,955 | INFO | monitoring | Inserted ticks monitoring data for 211 messages.
2025-08-19 16:27:56,298 | INFO | kafka_consumer | Inserted 28 rows.
2025-08-19 16:27:56,421 | INFO | monitoring | Completed a monitoring cycle.
2025-08-19 16:27:57,287 | INFO | kafka_consumer | Inserted 1 rows.
2025-08-19 16:27:58,317 | INFO | kafka_consumer | Inserted 21 rows.
2025-08-19 16:27:59,319 | INFO | kafka_consumer | Inserted 9 rows.
2025-08-19 16:28:00,276 | INFO | monitoring | Inserted ticks monitoring data for 59 messages.
2025-08-19 16:28:00,321 | INFO | kafka_consumer | Inserted 2 rows.
2025-08-19 16:28:00,459 | INFO | kafka_consumer | Inserted 300 rows.
2025-08-19 16:28:01,352 | INFO | kafka_consumer | Inserted 83 rows.
2025-08-19 16:28:01,774 | INFO | monitoring | Completed a monitoring cycle.
2025-08-19 16:28:02,351 | INFO | kafka_consumer | Inserted 31 rows.
2025-08-19 16:28:03,326 | INFO | kafka_consumer | Inserted 104 rows.
2025-08-19 16:28:04,327 | INFO | kafka_consumer | Inserted 75 rows.
2025-08-19 16:28:05,336 | INFO | kafka_consumer | Inserted 1 rows.
2025-08-19 16:28:05,615 | INFO | monitoring | Inserted ticks monitoring data for 595 messages.
2025-08-19 16:28:06,334 | INFO | kafka_consumer | Inserted 48 rows.
2025-08-19 16:28:07,006 | INFO | monitoring | Completed a monitoring cycle.
2025-08-19 16:28:07,342 | INFO | kafka_consumer | Inserted 1 rows.
2025-08-19 16:28:09,307 | INFO | kafka_consumer | Inserted 4 rows.
2025-08-19 16:28:10,316 | INFO | kafka_consumer | Inserted 36 rows.
2025-08-19 16:28:10,918 | INFO | monitoring | Inserted ticks monitoring data for 89 messages.
2025-08-19 16:28:11,427 | INFO | kafka_consumer | Inserted 3 rows.
2025-08-19 16:28:12,236 | INFO | monitoring | Completed a monitoring cycle.
2025-08-19 16:28:13,370 | INFO | kafka_consumer | Inserted 3 rows.
2025-08-19 16:28:14,316 | INFO | kafka_consumer | Inserted 70 rows.
2025-08-19 16:28:15,334 | INFO | kafka_consumer | Inserted 1 rows.
2025-08-19 16:28:16,211 | INFO | monitoring | Inserted ticks monitoring data for 77 messages.
2025-08-19 16:28:17,449 | INFO | monitoring | Completed a monitoring cycle.
2025-08-19 16:28:18,336 | INFO | kafka_consumer | Inserted 2 rows.
2025-08-19 16:28:19,347 | INFO | kafka_consumer | Inserted 258 rows.
2025-08-19 16:28:20,347 | INFO | kafka_consumer | Inserted 37 rows.
2025-08-19 16:28:21,294 | INFO | kafka_consumer | Inserted 1 rows.
2025-08-19 16:28:21,507 | INFO | monitoring | Inserted ticks monitoring data for 297 messages.
2025-08-19 16:28:22,338 | INFO | kafka_consumer | Inserted 1 rows.
2025-08-19 16:28:22,675 | INFO | monitoring | Completed a monitoring cycle.
2025-08-19 16:28:23,348 | INFO | kafka_consumer | Inserted 4 rows.
2025-08-19 16:28:24,368 | INFO | kafka_consumer | Inserted 18 rows.
2025-08-19 16:28:26,783 | INFO | monitoring | Inserted ticks monitoring data for 23 messages.
2025-08-19 16:28:27,333 | INFO | kafka_consumer | Inserted 157 rows.
2025-08-19 16:28:27,898 | INFO | monitoring | Completed a monitoring cycle.
2025-08-19 16:28:28,322 | INFO | kafka_consumer | Inserted 3 rows.
2025-08-19 16:28:30,346 | INFO | kafka_consumer | Inserted 2 rows.
2025-08-19 16:28:32,067 | INFO | monitoring | Inserted ticks monitoring data for 162 messages.
2025-08-19 16:28:32,338 | INFO | kafka_consumer | Inserted 5 rows.
2025-08-19 16:28:33,215 | INFO | monitoring | Completed a monitoring cycle.
2025-08-19 16:28:33,365 | INFO | kafka_consumer | Inserted 3 rows.
2025-08-19 16:28:34,354 | INFO | kafka_consumer | Inserted 30 rows.
2025-08-19 16:28:35,339 | INFO | kafka_consumer | Inserted 32 rows.
2025-08-19 16:28:36,336 | INFO | kafka_consumer | Inserted 1 rows.
2025-08-19 16:28:37,334 | INFO | kafka_consumer | Inserted 2 rows.
2025-08-19 16:28:37,389 | INFO | monitoring | Inserted ticks monitoring data for 71 messages.
2025-08-19 16:28:38,343 | INFO | kafka_consumer | Inserted 16 rows.
2025-08-19 16:28:38,458 | INFO | monitoring | Completed a monitoring cycle.
2025-08-19 16:28:40,368 | INFO | kafka_consumer | Inserted 2 rows.
2025-08-19 16:28:41,353 | INFO | kafka_consumer | Inserted 55 rows.
2025-08-19 16:28:42,343 | INFO | kafka_consumer | Inserted 1 rows.
2025-08-19 16:28:42,667 | INFO | monitoring | Inserted ticks monitoring data for 74 messages.
2025-08-19 16:28:43,681 | INFO | monitoring | Completed a monitoring cycle.
2025-08-19 16:28:44,345 | INFO | kafka_consumer | Inserted 36 rows.
2025-08-19 16:28:45,353 | INFO | kafka_consumer | Inserted 5 rows.
2025-08-19 16:28:46,364 | INFO | kafka_consumer | Inserted 52 rows.
2025-08-19 16:28:46,497 | INFO | kafka_consumer | Inserted 300 rows.
2025-08-19 16:28:47,356 | INFO | kafka_consumer | Inserted 37 rows.
2025-08-19 16:28:47,945 | INFO | monitoring | Inserted ticks monitoring data for 430 messages.
2025-08-19 16:28:48,367 | INFO | kafka_consumer | Inserted 31 rows.
2025-08-19 16:28:48,937 | INFO | monitoring | Completed a monitoring cycle.
2025-08-19 16:28:49,353 | INFO | kafka_consumer | Inserted 71 rows.
2025-08-19 16:28:50,379 | INFO | kafka_consumer | Inserted 37 rows.
2025-08-19 16:28:51,355 | INFO | kafka_consumer | Inserted 2 rows.
2025-08-19 16:28:52,365 | INFO | kafka_consumer | Inserted 19 rows.
2025-08-19 16:28:53,254 | INFO | monitoring | Inserted ticks monitoring data for 160 messages.
2025-08-19 16:28:53,371 | INFO | kafka_consumer | Inserted 29 rows.
2025-08-19 16:28:54,189 | INFO | monitoring | Completed a monitoring cycle.
2025-08-19 16:28:54,350 | INFO | kafka_consumer | Inserted 2 rows.
2025-08-19 16:28:55,365 | INFO | kafka_consumer | Inserted 1 rows.
2025-08-19 16:28:56,354 | INFO | kafka_consumer | Inserted 1 rows.
2025-08-19 16:28:57,376 | INFO | kafka_consumer | Inserted 9 rows.
2025-08-19 16:28:58,102 | WARNING | kafka.producer.record_accumulator | Failed to produce messages to topic-partition TopicPartition(topic='price_ticks', partition=0) with base offset -1: KafkaTimeoutError: Expiring 39 record(s) for TopicPartition(topic='price_ticks', partition=0): 120000 ms has passed since batch creation
2025-08-19 16:28:58,372 | INFO | kafka_consumer | Inserted 1 rows.
2025-08-19 16:28:58,531 | INFO | monitoring | Inserted ticks monitoring data for 42 messages.
2025-08-19 16:28:59,365 | INFO | kafka_consumer | Inserted 1 rows.
2025-08-19 16:28:59,408 | INFO | monitoring | Completed a monitoring cycle.
2025-08-19 16:29:00,354 | INFO | kafka_consumer | Inserted 3 rows.
2025-08-19 16:29:01,378 | INFO | kafka_consumer | Inserted 6 rows.
2025-08-19 16:29:02,364 | INFO | kafka_consumer | Inserted 112 rows.
2025-08-19 16:29:03,385 | INFO | kafka_consumer | Inserted 48 rows.
2025-08-19 16:29:03,836 | INFO | monitoring | Inserted ticks monitoring data for 170 messages.
2025-08-19 16:29:04,365 | INFO | kafka_consumer | Inserted 2 rows.
2025-08-19 16:29:04,636 | INFO | monitoring | Completed a monitoring cycle.
2025-08-19 16:29:05,374 | INFO | kafka_consumer | Inserted 3 rows.
2025-08-19 16:29:06,372 | INFO | kafka_consumer | Inserted 1 rows.
2025-08-19 16:29:07,373 | INFO | kafka_consumer | Inserted 1 rows.
2025-08-19 16:29:08,372 | INFO | kafka_consumer | Inserted 3 rows.
2025-08-19 16:29:09,137 | INFO | monitoring | Inserted ticks monitoring data for 10 messages.
2025-08-19 16:29:09,378 | INFO | kafka_consumer | Inserted 2 rows.
2025-08-19 16:29:09,872 | INFO | monitoring | Completed a monitoring cycle.
2025-08-19 16:29:11,374 | INFO | kafka_consumer | Inserted 4 rows.
2025-08-19 16:29:12,381 | INFO | kafka_consumer | Inserted 1 rows.
2025-08-19 16:29:13,393 | INFO | kafka_consumer | Inserted 150 rows.
2025-08-19 16:29:14,367 | INFO | kafka_consumer | Inserted 46 rows.
2025-08-19 16:29:14,445 | INFO | monitoring | Inserted ticks monitoring data for 157 messages.
2025-08-19 16:29:15,104 | INFO | monitoring | Completed a monitoring cycle.
2025-08-19 16:29:15,396 | INFO | kafka_consumer | Inserted 101 rows.
2025-08-19 16:29:16,390 | INFO | kafka_consumer | Inserted 52 rows.
2025-08-19 16:29:17,381 | INFO | kafka_consumer | Inserted 115 rows.
2025-08-19 16:29:18,393 | INFO | kafka_consumer | Inserted 18 rows.
2025-08-19 16:29:19,380 | INFO | kafka_consumer | Inserted 64 rows.
2025-08-19 16:29:19,712 | INFO | monitoring | Inserted ticks monitoring data for 350 messages.
2025-08-19 16:29:20,314 | INFO | monitoring | Completed a monitoring cycle.
2025-08-19 16:29:20,375 | INFO | kafka_consumer | Inserted 112 rows.
2025-08-19 16:29:21,392 | INFO | kafka_consumer | Inserted 3 rows.
2025-08-19 16:29:22,392 | INFO | kafka_consumer | Inserted 66 rows.
2025-08-19 16:29:24,386 | INFO | kafka_consumer | Inserted 1 rows.
2025-08-19 16:29:24,989 | INFO | monitoring | Inserted ticks monitoring data for 182 messages.
2025-08-19 16:29:25,399 | INFO | kafka_consumer | Inserted 2 rows.
2025-08-19 16:29:25,556 | INFO | monitoring | Completed a monitoring cycle.
2025-08-19 16:29:26,391 | INFO | kafka_consumer | Inserted 57 rows.
2025-08-19 16:29:27,394 | INFO | kafka_consumer | Inserted 11 rows.
2025-08-19 16:29:28,373 | INFO | kafka_consumer | Inserted 14 rows.
2025-08-19 16:29:29,801 | INFO | kafka_consumer | Inserted 1 rows.
2025-08-19 16:29:30,274 | INFO | monitoring | Inserted ticks monitoring data for 85 messages.
2025-08-19 16:29:30,767 | INFO | monitoring | Completed a monitoring cycle.
2025-08-19 16:29:31,391 | INFO | kafka_consumer | Inserted 158 rows.
2025-08-19 16:29:32,402 | INFO | kafka_consumer | Inserted 53 rows.
2025-08-19 16:29:33,382 | INFO | kafka_consumer | Inserted 27 rows.
2025-08-19 16:29:35,423 | INFO | kafka_consumer | Inserted 35 rows.
2025-08-19 16:29:35,588 | INFO | monitoring | Inserted ticks monitoring data for 238 messages.
2025-08-19 16:29:35,978 | INFO | monitoring | Completed a monitoring cycle.
2025-08-19 16:29:36,406 | INFO | kafka_consumer | Inserted 153 rows.
2025-08-19 16:29:37,409 | INFO | kafka_consumer | Inserted 73 rows.
2025-08-19 16:29:38,415 | INFO | kafka_consumer | Inserted 15 rows.
2025-08-19 16:29:39,397 | INFO | kafka_consumer | Inserted 80 rows.
2025-08-19 16:29:40,021 | INFO | kafka_consumer | Inserted 50 rows.
2025-08-19 16:29:40,874 | INFO | monitoring | Inserted ticks monitoring data for 371 messages.
2025-08-19 16:29:41,204 | INFO | monitoring | Completed a monitoring cycle.
2025-08-19 16:29:41,408 | INFO | kafka_consumer | Inserted 43 rows.
2025-08-19 16:29:42,400 | INFO | kafka_consumer | Inserted 4 rows.
2025-08-19 16:29:43,416 | INFO | kafka_consumer | Inserted 15 rows.
2025-08-19 16:29:44,403 | INFO | kafka_consumer | Inserted 6 rows.
2025-08-19 16:29:45,414 | INFO | kafka_consumer | Inserted 50 rows.
2025-08-19 16:29:46,147 | INFO | monitoring | Inserted ticks monitoring data for 118 messages.
2025-08-19 16:29:46,312 | ERROR | kafka.producer.sender | <Sender client_id=kafka-python-producer-1 transactional_id=None>: Uncaught error in kafka producer I/O thread
Traceback (most recent call last):
  File "C:\Users\erict\anaconda3\Lib\site-packages\kafka\producer\sender.py", line 110, in run
    self.run_once()
  File "C:\Users\erict\anaconda3\Lib\site-packages\kafka\producer\sender.py", line 171, in run_once
    poll_timeout_ms = self._send_producer_data()
                      ^^^^^^^^^^^^^^^^^^^^^^^^^^
  File "C:\Users\erict\anaconda3\Lib\site-packages\kafka\producer\sender.py", line 204, in _send_producer_data
    heapq.heappush(queue, item)
TypeError: '<' not supported between instances of 'ProducerBatch' and 'ProducerBatch'
2025-08-19 16:29:46,400 | INFO | kafka_consumer | Inserted 164 rows.
2025-08-19 16:29:46,437 | INFO | monitoring | Completed a monitoring cycle.
2025-08-19 16:29:47,863 | INFO | kafka_consumer | Inserted 100 rows.
2025-08-19 16:29:49,418 | INFO | kafka_consumer | Inserted 87 rows.
2025-08-19 16:29:50,442 | INFO | kafka_consumer | Inserted 7 rows.
2025-08-19 16:29:50,820 | INFO | __main__ | Stopping application via KeyboardInterrupt.
2025-08-19 16:29:51,004 | INFO | kafka_producer | Shutting down producer.
2025-08-19 16:29:51,044 | INFO | kafka_producer | WebSocket closed: code=None msg=None
2025-08-19 16:29:51,059 | INFO | kafka_consumer | Inserted final 39 rows.
2025-08-19 16:29:51,064 | INFO | kafka_consumer | Closing consumer.
2025-08-19 16:29:51,066 | INFO | kafka.coordinator | Stopping heartbeat thread
2025-08-19 16:29:53,058 | ERROR | kafka_producer | Error flushing producer during shutdown
Traceback (most recent call last):
  File "C:\Users\erict\GitRepositories\001 - Projects\02 - Project 2\kafka_producer.py", line 73, in start_producer
    func()
  File "C:\Users\erict\GitRepositories\001 - Projects\02 - Project 2\kafka_producer.py", line 69, in <lambda>
    ("flushing producer", lambda: producer.flush(timeout=2)),
                                  ^^^^^^^^^^^^^^^^^^^^^^^^^
  File "C:\Users\erict\anaconda3\Lib\site-packages\kafka\producer\kafka.py", line 919, in flush
    self._accumulator.await_flush_completion(timeout=timeout)
  File "C:\Users\erict\anaconda3\Lib\site-packages\kafka\producer\record_accumulator.py", line 583, in await_flush_completion
    raise Errors.KafkaTimeoutError('Timeout waiting for future')
kafka.errors.KafkaTimeoutError: KafkaTimeoutError: Timeout waiting for future
2025-08-19 16:29:53,095 | INFO | kafka.producer.kafka | <KafkaProducer client_id=kafka-python-producer-1 transactional_id=None>: Closing the Kafka producer with 2 secs timeout.
2025-08-19 16:29:54,070 | WARNING | kafka.coordinator | Heartbeat thread did not fully terminate during close
2025-08-19 16:29:54,074 | INFO | kafka.coordinator | Leaving consumer group (ticks_ingestor).
2025-08-19 16:29:54,090 | INFO | kafka.conn | <BrokerConnection client_id=kafka-python-2.2.4, node_id=1 host=localhost:9092 <connected> [IPv6 ('::1', 9092, 0, 0)]>: Closing connection. 
2025-08-19 16:29:54,090 | INFO | kafka.conn | <BrokerConnection client_id=kafka-python-2.2.4, node_id=coordinator-1 host=localhost:9092 <connected> [IPv6 ('::1', 9092, 0, 0)]>: Closing connection. 
2025-08-19 16:29:54,092 | INFO | __main__ | System shutdown complete.
2025-08-19 16:29:55,111 | ERROR | kafka_producer | Error closing producer during shutdown
Traceback (most recent call last):
  File "C:\Users\erict\GitRepositories\001 - Projects\02 - Project 2\kafka_producer.py", line 73, in start_producer
    func()
  File "C:\Users\erict\GitRepositories\001 - Projects\02 - Project 2\kafka_producer.py", line 70, in <lambda>
    ("closing producer", lambda: producer.close(timeout=2)),
                                 ^^^^^^^^^^^^^^^^^^^^^^^^^
  File "C:\Users\erict\anaconda3\Lib\site-packages\kafka\producer\kafka.py", line 630, in close
    self.flush(timeout)
  File "C:\Users\erict\anaconda3\Lib\site-packages\kafka\producer\kafka.py", line 919, in flush
    self._accumulator.await_flush_completion(timeout=timeout)
  File "C:\Users\erict\anaconda3\Lib\site-packages\kafka\producer\record_accumulator.py", line 583, in await_flush_completion
    raise Errors.KafkaTimeoutError('Timeout waiting for future')
kafka.errors.KafkaTimeoutError: KafkaTimeoutError: Timeout waiting for future
